<?xml version="1.0" encoding="UTF-8"?>
<testsuite name="SILab2Test" tests="2" skipped="0" failures="0" errors="0" timestamp="2023-05-31T07:36:32" hostname="DESKTOP-RBA91C3" time="0.081">
  <properties/>
  <testcase name="multipleConditionTest()" classname="SILab2Test" time="0.076"/>
  <testcase name="testEveryBranch()" classname="SILab2Test" time="0.003"/>
  <system-out><![CDATA[]]></system-out>
  <system-err><![CDATA[]]></system-err>
</testsuite>
